[debug] [2021-06-26T16:50:19.448Z] ----------------------------------------------------------------------
[debug] [2021-06-26T16:50:19.450Z] Command:       /usr/local/bin/node /usr/local/bin/firebase init
[debug] [2021-06-26T16:50:19.450Z] CLI Version:   9.14.0
[debug] [2021-06-26T16:50:19.450Z] Platform:      darwin
[debug] [2021-06-26T16:50:19.450Z] Node Version:  v12.18.4
[debug] [2021-06-26T16:50:19.451Z] Time:          Sat Jun 26 2021 22:50:19 GMT+0600 (Bangladesh Standard Time)
[debug] [2021-06-26T16:50:19.451Z] ----------------------------------------------------------------------
[debug] 
[debug] [2021-06-26T16:50:19.456Z] > command requires scopes: ["email","openid","https://www.googleapis.com/auth/cloudplatformprojects.readonly","https://www.googleapis.com/auth/firebase","https://www.googleapis.com/auth/cloud-platform"]
[debug] [2021-06-26T16:50:19.457Z] > authorizing via signed-in user (jasim.jsr360@gmail.com)
[info] 
     ######## #### ########  ######## ########     ###     ######  ########
     ##        ##  ##     ## ##       ##     ##  ##   ##  ##       ##
     ######    ##  ########  ######   ########  #########  ######  ######
     ##        ##  ##    ##  ##       ##     ## ##     ##       ## ##
     ##       #### ##     ## ######## ########  ##     ##  ######  ########

You're about to initialize a Firebase project in this directory:

  /Users/jasim/My File/WorkFolder/StackLearner/ArektaCoin/arekta-coin-store

[info] 
=== Project Setup
[info] 
[info] First, let's associate this project directory with a Firebase project.
[info] You can create multiple project aliases by running firebase use --add, 
[info] but for now we'll just set up a default project.
[info] 
[debug] [2021-06-26T16:50:33.552Z] >>> [apiv2][query] GET https://firebase.googleapis.com/v1beta1/projects pageSize=100
[debug] [2021-06-26T16:50:34.089Z] <<< [apiv2][status] GET https://firebase.googleapis.com/v1beta1/projects 200
[debug] [2021-06-26T16:50:34.090Z] <<< [apiv2][body] GET https://firebase.googleapis.com/v1beta1/projects [omitted]
[info] i  Using project arektacoinstore-8210d (arektacoinstore) 
[info] 
=== Hosting Setup
[info] 
[info] Your public directory is the folder (relative to your project directory) that
[info] will contain Hosting assets to be uploaded with firebase deploy. If you
[info] have a build process for your assets, use your build's output directory.
[info] 
[info] ✔  Wrote build/404.html 
[debug] [2021-06-26T16:50:58.390Z] >>> [apiv2][query] GET https://www.gstatic.com/firebasejs/releases.json [none]
[debug] [2021-06-26T16:50:58.561Z] <<< [apiv2][status] GET https://www.gstatic.com/firebasejs/releases.json 200
[debug] [2021-06-26T16:50:58.561Z] <<< [apiv2][body] GET https://www.gstatic.com/firebasejs/releases.json {"current":{"version":"8.6.8","browserURL":"https://www.gstatic.com/firebasejs/8.6.8/firebase.js","packageURL":"https://www.gstatic.com/firebasejs/8.6.8/firebase.tgz"},"live":{"version":"8.6","browserURL":"https://www.gstatic.com/firebasejs/live/8.6/firebase.js","packageURL":"https://www.gstatic.com/firebasejs/live/8.6/firebase.tgz"},"components":{"analytics":"https://www.gstatic.com/firebasejs/8.6.8/firebase-analytics.js","app":"https://www.gstatic.com/firebasejs/8.6.8/firebase-app.js","app-check":"https://www.gstatic.com/firebasejs/8.6.8/firebase-app-check.js","auth":"https://www.gstatic.com/firebasejs/8.6.8/firebase-auth.js","database":"https://www.gstatic.com/firebasejs/8.6.8/firebase-database.js","firestore":"https://www.gstatic.com/firebasejs/8.6.8/firebase-firestore.js","functions":"https://www.gstatic.com/firebasejs/8.6.8/firebase-functions.js","installations":"https://www.gstatic.com/firebasejs/8.6.8/firebase-installations.js","messaging":"https://www.gstatic.com/firebasejs/8.6.8/firebase-messaging.js","storage":"https://www.gstatic.com/firebasejs/8.6.8/firebase-storage.js","performance":"https://www.gstatic.com/firebasejs/8.6.8/firebase-performance.js","remote-config":"https://www.gstatic.com/firebasejs/8.6.8/firebase-remote-config.js","firestore.memory":"https://www.gstatic.com/firebasejs/8.6.8/firebase-firestore.memory.js"}}
[info] i  Skipping write of build/index.html 
[info] 
[info] i  Detected a .git folder at /Users/jasim/My File/WorkFolder/StackLearner/ArektaCoin/arekta-coin-store 
[info] i  Authorizing with GitHub to upload your service account to a GitHub repository's secrets store. 
[info] 
[info] Visit this URL on this device to log in:
[info] https://github.com/login/oauth/authorize?client_id=89cf50f02ac6aaed3484&state=1022006152&redirect_uri=http%3A%2F%2Flocalhost%3A9005&scope=read%3Auser%20repo%20public_repo
[info] 
[info] Waiting for authentication...
[debug] [2021-06-26T16:53:32.012Z] >>> HTTP REQUEST POST https://github.com/login/oauth/access_token  
 {"client_id":"89cf50f02ac6aaed3484","client_secret":"3330d14abc895d9a74d5f17cd7a00711fa2c5bf0","code":"850d3c98291464393a10","redirect_uri":"http://localhost:9005","state":"1022006152"}
[debug] [2021-06-26T16:53:32.913Z] <<< HTTP RESPONSE 200 {"server":"GitHub.com","date":"Sat, 26 Jun 2021 16:53:16 GMT","content-type":"application/json; charset=utf-8","transfer-encoding":"chunked","vary":"X-PJAX, Accept-Encoding, Accept, X-Requested-With","permissions-policy":"interest-cohort=()","etag":"W/\"ecd066499b82127f39ac49d910bf5dcd\"","cache-control":"max-age=0, private, must-revalidate","strict-transport-security":"max-age=31536000; includeSubdomains; preload","x-frame-options":"deny","x-content-type-options":"nosniff","x-xss-protection":"0","referrer-policy":"origin-when-cross-origin, strict-origin-when-cross-origin","expect-ct":"max-age=2592000, report-uri=\"https://api.github.com/_private/browser/errors\"","content-security-policy":"default-src 'none'; base-uri 'self'; block-all-mixed-content; connect-src 'self' uploads.github.com www.githubstatus.com collector.githubapp.com api.github.com github-cloud.s3.amazonaws.com github-production-repository-file-5c1aeb.s3.amazonaws.com github-production-upload-manifest-file-7fdce7.s3.amazonaws.com github-production-user-asset-6210df.s3.amazonaws.com cdn.optimizely.com logx.optimizely.com/v1/events translator.github.com wss://alive.github.com; font-src github.githubassets.com; form-action 'self' github.com gist.github.com; frame-ancestors 'none'; frame-src render.githubusercontent.com render-temp.githubusercontent.com viewscreen.githubusercontent.com; img-src 'self' data: github.githubassets.com identicons.github.com collector.githubapp.com github-cloud.s3.amazonaws.com secured-user-images.githubusercontent.com/ *.githubusercontent.com; manifest-src 'self'; media-src 'none'; script-src github.githubassets.com; style-src 'unsafe-inline' github.githubassets.com; worker-src github.com/socket-worker-3f088aa2.js gist.github.com/socket-worker-3f088aa2.js","x-github-request-id":"C894:38D1:1886B:33A98:60D75B7B"}
[debug] [2021-06-26T16:53:32.919Z] >>> [apiv2][query] GET https://api.github.com/user [none]
[debug] [2021-06-26T16:53:33.473Z] <<< [apiv2][status] GET https://api.github.com/user 200
[debug] [2021-06-26T16:53:33.473Z] <<< [apiv2][body] GET https://api.github.com/user {"login":"devjasim","id":52109597,"node_id":"MDQ6VXNlcjUyMTA5NTk3","avatar_url":"https://avatars.githubusercontent.com/u/52109597?v=4","gravatar_id":"","url":"https://api.github.com/users/devjasim","html_url":"https://github.com/devjasim","followers_url":"https://api.github.com/users/devjasim/followers","following_url":"https://api.github.com/users/devjasim/following{/other_user}","gists_url":"https://api.github.com/users/devjasim/gists{/gist_id}","starred_url":"https://api.github.com/users/devjasim/starred{/owner}{/repo}","subscriptions_url":"https://api.github.com/users/devjasim/subscriptions","organizations_url":"https://api.github.com/users/devjasim/orgs","repos_url":"https://api.github.com/users/devjasim/repos","events_url":"https://api.github.com/users/devjasim/events{/privacy}","received_events_url":"https://api.github.com/users/devjasim/received_events","type":"User","site_admin":false,"name":"Jasim Uddin","company":null,"blog":"","location":"Dhaka","email":null,"hireable":null,"bio":"Hi I'm Jasim, I'm na Front End developer. My passion is programming, coding, and technology turned. I love programming.","twitter_username":null,"public_repos":32,"public_gists":0,"followers":0,"following":4,"created_at":"2019-06-22T17:08:33Z","updated_at":"2021-06-26T16:53:15Z","private_gists":0,"total_private_repos":7,"owned_private_repos":7,"disk_usage":342458,"collaborators":1,"two_factor_authentication":false,"plan":{"name":"free","space":976562499,"collaborators":0,"private_repos":10000}}
[info] 
[info] ✔  Success! Logged into GitHub as devjasim 
[info] 
[debug] [2021-06-26T16:53:51.726Z] >>> [apiv2][query] GET https://api.github.com/repos//actions/secrets/public-key type=owner
[debug] [2021-06-26T16:53:52.152Z] <<< [apiv2][status] GET https://api.github.com/repos//actions/secrets/public-key 404
[debug] [2021-06-26T16:53:52.153Z] <<< [apiv2][body] GET https://api.github.com/repos//actions/secrets/public-key {"message":"Not Found","documentation_url":"https://docs.github.com/rest"}
[debug] [2021-06-26T16:53:52.340Z] >>> [apiv2][query] GET https://api.github.com/repos//actions/secrets/public-key type=owner
[debug] [2021-06-26T16:53:52.526Z] >>> [apiv2][query] GET https://api.github.com/repos//actions/secrets/public-key type=owner
[debug] [2021-06-26T16:53:52.848Z] <<< [apiv2][status] GET https://api.github.com/repos//actions/secrets/public-key 404
[debug] [2021-06-26T16:53:52.848Z] <<< [apiv2][body] GET https://api.github.com/repos//actions/secrets/public-key {"message":"Not Found","documentation_url":"https://docs.github.com/rest"}
[debug] [2021-06-26T16:53:52.965Z] <<< [apiv2][status] GET https://api.github.com/repos//actions/secrets/public-key 404
[debug] [2021-06-26T16:53:52.965Z] <<< [apiv2][body] GET https://api.github.com/repos//actions/secrets/public-key {"message":"Not Found","documentation_url":"https://docs.github.com/rest"}
[debug] [2021-06-26T16:53:55.837Z] >>> [apiv2][query] GET https://api.github.com/repos//actions/secrets/public-key type=owner
[debug] [2021-06-26T16:53:56.285Z] <<< [apiv2][status] GET https://api.github.com/repos//actions/secrets/public-key 404
[debug] [2021-06-26T16:53:56.285Z] <<< [apiv2][body] GET https://api.github.com/repos//actions/secrets/public-key {"message":"Not Found","documentation_url":"https://docs.github.com/rest"}
[debug] [2021-06-26T16:54:16.261Z] >>> [apiv2][query] GET https://api.github.com/repos/devjasim/actions/secrets/public-key type=owner
[debug] [2021-06-26T16:54:18.539Z] <<< [apiv2][status] GET https://api.github.com/repos/devjasim/actions/secrets/public-key 404
[debug] [2021-06-26T16:54:18.540Z] <<< [apiv2][body] GET https://api.github.com/repos/devjasim/actions/secrets/public-key {"message":"Not Found","documentation_url":"https://docs.github.com/rest"}
[debug] [2021-06-26T16:54:28.445Z] >>> [apiv2][query] GET https://api.github.com/repos/https:github.com/devjasim/actions/secrets/public-key type=owner
[debug] [2021-06-26T16:54:28.872Z] <<< [apiv2][status] GET https://api.github.com/repos/https:github.com/devjasim/actions/secrets/public-key 404
[debug] [2021-06-26T16:54:28.872Z] <<< [apiv2][body] GET https://api.github.com/repos/https:github.com/devjasim/actions/secrets/public-key {"message":"Not Found","documentation_url":"https://docs.github.com/rest/reference/actions#get-a-repository-public-key"}
